Drill Listing
=============
Drill: .00984  Tool: 1  Feed: 0  Speed: 0
X 127755  Y 102165
X 116437  Y 110039
X 105118  Y 111023
X 111122  Y 112303
X 121948  Y 115551
X 109940  Y 119488
X 122244  Y 121850
X 104232  Y 122834
X 109744  Y 123031
X 127559  Y 124114
X 118602  Y 127657
X 114074  Y 138090
X 131102  Y 145078
X 131791  Y 124212
X 128641  Y 109153

Drill: .01969  Tool: 2  Feed: 95  Speed: 300
X 146456  Y 113090
X 146456  Y 118011
X 146456  Y 122933
X 146456  Y 127854
X 146456  Y 132775
X 146456  Y 137696

Drill: .03543  Tool: 3  Feed: 197  Speed: 550
X 103641  Y 147539
X 111515  Y 147539
X 119389  Y 147539
X 127263  Y 147539
X 135137  Y 147539
X 143011  Y 147539

Drill: .04724  Tool: 4  Feed: 139  Speed: 550
X 122244  Y 110629
X 115944  Y 114960
X 128149  Y 114960
X 134448  Y 110629

End of Listing
